----------

Tue Nov 17 2020 02:36:03 GMT-0500 (Eastern Standard Time)

warning: LF will be replaced by CRLF in docs/error.log.
The file will have its original line endings in your working directory


----------

Tue Nov 17 2020 02:36:03 GMT-0500 (Eastern Standard Time)

warning: LF will be replaced by CRLF in docs/event-1.html.
The file will have its original line endings in your working directory


----------

Tue Nov 17 2020 02:36:03 GMT-0500 (Eastern Standard Time)

warning: LF will be replaced by CRLF in docs/event.html.
The file will have its original line endings in your working directory


----------

Tue Nov 17 2020 02:36:03 GMT-0500 (Eastern Standard Time)

warning: LF will be replaced by CRLF in docs/index.html.
The file will have its original line endings in your working directory


----------

Tue Nov 17 2020 02:36:03 GMT-0500 (Eastern Standard Time)

warning: LF will be replaced by CRLF in docs/test.html.
The file will have its original line endings in your working directory


----------

Tue Nov 17 2020 02:36:03 GMT-0500 (Eastern Standard Time)

warning: LF will be replaced by CRLF in index.html.
The file will have its original line endings in your working directory


----------

Tue Nov 17 2020 02:36:03 GMT-0500 (Eastern Standard Time)

warning: LF will be replaced by CRLF in event-1.html.
The file will have its original line endings in your working directory


----------

Tue Nov 17 2020 02:36:03 GMT-0500 (Eastern Standard Time)

warning: LF will be replaced by CRLF in event.html.
The file will have its original line endings in your working directory


----------

Tue Nov 17 2020 02:36:03 GMT-0500 (Eastern Standard Time)

warning: LF will be replaced by CRLF in test.html.
The file will have its original line endings in your working directory


----------

Tue Nov 17 2020 02:36:07 GMT-0500 (Eastern Standard Time)

To https://github.com/VastBlast/FortniteProgress.git
   61b7696..74da2b1  master -> master


----------

Tue Nov 17 2020 02:39:03 GMT-0500 (Eastern Standard Time)

warning: LF will be replaced by CRLF in event-1.html.
The file will have its original line endings in your working directory


----------

Tue Nov 17 2020 02:39:03 GMT-0500 (Eastern Standard Time)

warning: LF will be replaced by CRLF in event.html.
The file will have its original line endings in your working directory


----------

Tue Nov 17 2020 02:39:03 GMT-0500 (Eastern Standard Time)

warning: LF will be replaced by CRLF in index.html.
The file will have its original line endings in your working directory


----------

Tue Nov 17 2020 02:39:03 GMT-0500 (Eastern Standard Time)

warning: LF will be replaced by CRLF in test.html.
The file will have its original line endings in your working directory


----------

Tue Nov 17 2020 02:39:07 GMT-0500 (Eastern Standard Time)

To https://github.com/VastBlast/FortniteProgress.git
   8713493..fd7a1b0  master -> master


----------

Tue Nov 17 2020 02:45:56 GMT-0500 (Eastern Standard Time)

warning: LF will be replaced by CRLF in error.log.
The file will have its original line endings in your working directory


----------

Tue Nov 17 2020 02:45:56 GMT-0500 (Eastern Standard Time)

warning: LF will be replaced by CRLF in event-1.html.
The file will have its original line endings in your working directory


----------

Tue Nov 17 2020 02:45:56 GMT-0500 (Eastern Standard Time)

warning: LF will be replaced by CRLF in event.html.
The file will have its original line endings in your working directory


----------

Tue Nov 17 2020 02:45:56 GMT-0500 (Eastern Standard Time)

warning: LF will be replaced by CRLF in index.html.
The file will have its original line endings in your working directory


----------

Tue Nov 17 2020 02:45:56 GMT-0500 (Eastern Standard Time)

warning: LF will be replaced by CRLF in test.html.
The file will have its original line endings in your working directory


----------

Tue Nov 17 2020 02:46:02 GMT-0500 (Eastern Standard Time)

To https://github.com/VastBlast/FortniteProgress.git
   fd7a1b0..e4e5794  master -> master


----------

Tue Nov 17 2020 02:47:24 GMT-0500 (Eastern Standard Time)

warning: LF will be replaced by CRLF in error.log.
The file will have its original line endings in your working directory


----------

Tue Nov 17 2020 02:47:24 GMT-0500 (Eastern Standard Time)

warning: LF will be replaced by CRLF in event-1.html.
The file will have its original line endings in your working directory


----------

Tue Nov 17 2020 02:47:24 GMT-0500 (Eastern Standard Time)

warning: LF will be replaced by CRLF in event.html.
The file will have its original line endings in your working directory


----------

Tue Nov 17 2020 02:47:24 GMT-0500 (Eastern Standard Time)

warning: LF will be replaced by CRLF in index.html.
The file will have its original line endings in your working directory


----------

Tue Nov 17 2020 02:47:24 GMT-0500 (Eastern Standard Time)

warning: LF will be replaced by CRLF in test.html.
The file will have its original line endings in your working directory


----------

Tue Nov 17 2020 02:47:29 GMT-0500 (Eastern Standard Time)

To https://github.com/VastBlast/FortniteProgress.git
   e4e5794..0f096a4  master -> master


----------

Tue Nov 17 2020 11:52:27 GMT-0500 (Eastern Standard Time)

warning: LF will be replaced by CRLF in error.log.
The file will have its original line endings in your working directory


----------

Tue Nov 17 2020 11:52:27 GMT-0500 (Eastern Standard Time)

warning: LF will be replaced by CRLF in event-1.html.
The file will have its original line endings in your working directory


----------

Tue Nov 17 2020 11:52:27 GMT-0500 (Eastern Standard Time)

warning: LF will be replaced by CRLF in event.html.
The file will have its original line endings in your working directory


----------

Tue Nov 17 2020 11:52:27 GMT-0500 (Eastern Standard Time)

warning: LF will be replaced by CRLF in index.html.
The file will have its original line endings in your working directory


----------

Tue Nov 17 2020 11:52:27 GMT-0500 (Eastern Standard Time)

warning: LF will be replaced by CRLF in test.html.
The file will have its original line endings in your working directory


----------

Tue Nov 17 2020 11:52:35 GMT-0500 (Eastern Standard Time)

To https://github.com/VastBlast/FortniteProgress.git
   0f096a4..bd2d73f  master -> master


----------

Tue Nov 17 2020 11:57:07 GMT-0500 (Eastern Standard Time)

warning: LF will be replaced by CRLF in error.log.
The file will have its original line endings in your working directory


----------

Tue Nov 17 2020 11:57:07 GMT-0500 (Eastern Standard Time)

warning: LF will be replaced by CRLF in event-1.html.
The file will have its original line endings in your working directory


----------

Tue Nov 17 2020 11:57:07 GMT-0500 (Eastern Standard Time)

warning: LF will be replaced by CRLF in event.html.
The file will have its original line endings in your working directory


----------

Tue Nov 17 2020 11:57:07 GMT-0500 (Eastern Standard Time)

warning: LF will be replaced by CRLF in index.html.
The file will have its original line endings in your working directory


----------

Tue Nov 17 2020 11:57:07 GMT-0500 (Eastern Standard Time)

warning: LF will be replaced by CRLF in test.html.
The file will have its original line endings in your working directory


----------

Tue Nov 17 2020 11:57:12 GMT-0500 (Eastern Standard Time)

To https://github.com/VastBlast/FortniteProgress.git
   bd2d73f..2730a1f  master -> master


----------

Tue Nov 17 2020 12:02:31 GMT-0500 (Eastern Standard Time)

warning: LF will be replaced by CRLF in error.log.
The file will have its original line endings in your working directory


----------

Tue Nov 17 2020 12:02:31 GMT-0500 (Eastern Standard Time)

warning: LF will be replaced by CRLF in event-1.html.
The file will have its original line endings in your working directory


----------

Tue Nov 17 2020 12:02:31 GMT-0500 (Eastern Standard Time)

warning: LF will be replaced by CRLF in event.html.
The file will have its original line endings in your working directory


----------

Tue Nov 17 2020 12:02:31 GMT-0500 (Eastern Standard Time)

warning: LF will be replaced by CRLF in index.html.
The file will have its original line endings in your working directory


----------

Tue Nov 17 2020 12:02:31 GMT-0500 (Eastern Standard Time)

warning: LF will be replaced by CRLF in test.html.
The file will have its original line endings in your working directory


----------

Tue Nov 17 2020 12:02:38 GMT-0500 (Eastern Standard Time)

To https://github.com/VastBlast/FortniteProgress.git
   2730a1f..154e895  master -> master


----------

Tue Nov 17 2020 12:09:31 GMT-0500 (Eastern Standard Time)

warning: LF will be replaced by CRLF in error.log.
The file will have its original line endings in your working directory


----------

Tue Nov 17 2020 12:09:31 GMT-0500 (Eastern Standard Time)

warning: LF will be replaced by CRLF in event-1.html.
The file will have its original line endings in your working directory


----------

Tue Nov 17 2020 12:09:31 GMT-0500 (Eastern Standard Time)

warning: LF will be replaced by CRLF in event.html.
The file will have its original line endings in your working directory


----------

Tue Nov 17 2020 12:09:31 GMT-0500 (Eastern Standard Time)

warning: LF will be replaced by CRLF in index.html.
The file will have its original line endings in your working directory


----------

Tue Nov 17 2020 12:09:31 GMT-0500 (Eastern Standard Time)

warning: LF will be replaced by CRLF in test.html.
The file will have its original line endings in your working directory


----------

Tue Nov 17 2020 12:09:37 GMT-0500 (Eastern Standard Time)

To https://github.com/VastBlast/FortniteProgress.git
   154e895..86377d3  master -> master


----------

Sat Nov 21 2020 01:48:48 GMT-0500 (Eastern Standard Time)

warning: LF will be replaced by CRLF in error.log.
The file will have its original line endings in your working directory


----------

Sat Nov 21 2020 01:48:48 GMT-0500 (Eastern Standard Time)

warning: LF will be replaced by CRLF in event-1.html.
The file will have its original line endings in your working directory
warning: LF will be replaced by CRLF in event.html.
The file will have its original line endings in your working directory


----------

Sat Nov 21 2020 01:48:48 GMT-0500 (Eastern Standard Time)

warning: LF will be replaced by CRLF in index.html.
The file will have its original line endings in your working directory


----------

Sat Nov 21 2020 01:48:48 GMT-0500 (Eastern Standard Time)

warning: LF will be replaced by CRLF in test.html.
The file will have its original line endings in your working directory


----------

Sat Nov 21 2020 01:48:57 GMT-0500 (Eastern Standard Time)

To https://github.com/VastBlast/FortniteProgress.git
   86377d3..527633b  master -> master


----------

Sat Nov 21 2020 01:52:21 GMT-0500 (Eastern Standard Time)

warning: LF will be replaced by CRLF in error.log.
The file will have its original line endings in your working directory


----------

Sat Nov 21 2020 01:52:21 GMT-0500 (Eastern Standard Time)

warning: LF will be replaced by CRLF in event.html.
The file will have its original line endings in your working directory


----------

Sat Nov 21 2020 01:52:21 GMT-0500 (Eastern Standard Time)

warning: LF will be replaced by CRLF in index.html.
The file will have its original line endings in your working directory


----------

Sat Nov 21 2020 01:52:26 GMT-0500 (Eastern Standard Time)

To https://github.com/VastBlast/FortniteProgress.git
   527633b..7b539c5  master -> master


----------

Sat Nov 21 2020 01:55:17 GMT-0500 (Eastern Standard Time)

warning: LF will be replaced by CRLF in error.log.
The file will have its original line endings in your working directory


----------

Sat Nov 21 2020 01:55:17 GMT-0500 (Eastern Standard Time)

warning: LF will be replaced by CRLF in event.html.
The file will have its original line endings in your working directory


----------

Sat Nov 21 2020 01:55:17 GMT-0500 (Eastern Standard Time)

warning: LF will be replaced by CRLF in index.html.
The file will have its original line endings in your working directory


----------

Sat Nov 21 2020 01:55:17 GMT-0500 (Eastern Standard Time)

warning: LF will be replaced by CRLF in event/index.html.
The file will have its original line endings in your working directory


----------

Sat Nov 21 2020 01:55:21 GMT-0500 (Eastern Standard Time)

To https://github.com/VastBlast/FortniteProgress.git
   7b539c5..2593c77  master -> master


----------

Sat Nov 21 2020 01:56:34 GMT-0500 (Eastern Standard Time)

warning: LF will be replaced by CRLF in error.log.
The file will have its original line endings in your working directory


----------

Sat Nov 21 2020 01:56:34 GMT-0500 (Eastern Standard Time)

warning: LF will be replaced by CRLF in event.html.
The file will have its original line endings in your working directory


----------

Sat Nov 21 2020 01:56:34 GMT-0500 (Eastern Standard Time)

warning: LF will be replaced by CRLF in index.html.
The file will have its original line endings in your working directory


----------

Sat Nov 21 2020 01:56:38 GMT-0500 (Eastern Standard Time)

To https://github.com/VastBlast/FortniteProgress.git
   2593c77..903c243  master -> master


----------

Sat Nov 21 2020 01:58:59 GMT-0500 (Eastern Standard Time)

warning: LF will be replaced by CRLF in error.log.
The file will have its original line endings in your working directory


----------

Sat Nov 21 2020 01:58:59 GMT-0500 (Eastern Standard Time)

warning: LF will be replaced by CRLF in event.html.
The file will have its original line endings in your working directory


----------

Sat Nov 21 2020 01:58:59 GMT-0500 (Eastern Standard Time)

warning: LF will be replaced by CRLF in index.html.
The file will have its original line endings in your working directory


----------

Sat Nov 21 2020 01:59:03 GMT-0500 (Eastern Standard Time)

To https://github.com/VastBlast/FortniteProgress.git
   903c243..2d96644  master -> master


----------

Sat Nov 21 2020 02:04:45 GMT-0500 (Eastern Standard Time)

warning: LF will be replaced by CRLF in error.log.
The file will have its original line endings in your working directory


----------

Sat Nov 21 2020 02:04:45 GMT-0500 (Eastern Standard Time)

warning: LF will be replaced by CRLF in event.html.
The file will have its original line endings in your working directory


----------

Sat Nov 21 2020 02:04:45 GMT-0500 (Eastern Standard Time)

warning: LF will be replaced by CRLF in index.html.
The file will have its original line endings in your working directory


----------

Sat Nov 21 2020 02:04:49 GMT-0500 (Eastern Standard Time)

To https://github.com/VastBlast/FortniteProgress.git
   2d96644..fb0bc0c  master -> master


----------

Sat Nov 21 2020 02:30:00 GMT-0500 (Eastern Standard Time)

warning: LF will be replaced by CRLF in error.log.
The file will have its original line endings in your working directory


----------

Sat Nov 21 2020 02:30:00 GMT-0500 (Eastern Standard Time)

warning: LF will be replaced by CRLF in event.html.
The file will have its original line endings in your working directory


----------

Sat Nov 21 2020 02:30:00 GMT-0500 (Eastern Standard Time)

warning: LF will be replaced by CRLF in index.html.
The file will have its original line endings in your working directory


----------

Sat Nov 21 2020 02:30:05 GMT-0500 (Eastern Standard Time)

To https://github.com/VastBlast/FortniteProgress.git
   fb0bc0c..bb07b65  master -> master


----------

Sat Nov 21 2020 02:35:27 GMT-0500 (Eastern Standard Time)

warning: LF will be replaced by CRLF in error.log.
The file will have its original line endings in your working directory


----------

Sat Nov 21 2020 02:35:27 GMT-0500 (Eastern Standard Time)

warning: LF will be replaced by CRLF in event.html.
The file will have its original line endings in your working directory


----------

Sat Nov 21 2020 02:35:27 GMT-0500 (Eastern Standard Time)

warning: LF will be replaced by CRLF in index.html.
The file will have its original line endings in your working directory


----------

Sat Nov 21 2020 02:41:07 GMT-0500 (Eastern Standard Time)

warning: LF will be replaced by CRLF in error.log.
The file will have its original line endings in your working directory


----------

Sat Nov 21 2020 02:41:07 GMT-0500 (Eastern Standard Time)

warning: LF will be replaced by CRLF in event.html.
The file will have its original line endings in your working directory


----------

Sat Nov 21 2020 02:41:07 GMT-0500 (Eastern Standard Time)

warning: LF will be replaced by CRLF in index.html.
The file will have its original line endings in your working directory


----------

Sat Nov 21 2020 02:41:11 GMT-0500 (Eastern Standard Time)

To https://github.com/VastBlast/FortniteProgress.git
   a520684..7b9aaff  master -> master


----------

Sat Nov 21 2020 03:36:51 GMT-0500 (Eastern Standard Time)

warning: LF will be replaced by CRLF in error.log.
The file will have its original line endings in your working directory


----------

Sat Nov 21 2020 03:36:51 GMT-0500 (Eastern Standard Time)

warning: LF will be replaced by CRLF in event.html.
The file will have its original line endings in your working directory


----------

Sat Nov 21 2020 03:36:51 GMT-0500 (Eastern Standard Time)

warning: LF will be replaced by CRLF in index.html.
The file will have its original line endings in your working directory


----------

Sat Nov 21 2020 03:36:55 GMT-0500 (Eastern Standard Time)

To https://github.com/VastBlast/FortniteProgress.git
   7b9aaff..e96338e  master -> master


----------

Sat Nov 21 2020 03:38:10 GMT-0500 (Eastern Standard Time)

warning: LF will be replaced by CRLF in error.log.
The file will have its original line endings in your working directory


----------

Sat Nov 21 2020 03:38:10 GMT-0500 (Eastern Standard Time)

warning: LF will be replaced by CRLF in event.html.
The file will have its original line endings in your working directory


----------

Sat Nov 21 2020 03:38:10 GMT-0500 (Eastern Standard Time)

warning: LF will be replaced by CRLF in index.html.
The file will have its original line endings in your working directory


----------

Sat Nov 21 2020 03:38:15 GMT-0500 (Eastern Standard Time)

To https://github.com/VastBlast/FortniteProgress.git
   e96338e..15ce69b  master -> master


----------

Sat Nov 21 2020 13:08:47 GMT-0500 (Eastern Standard Time)

warning: LF will be replaced by CRLF in error.log.
The file will have its original line endings in your working directory


----------

Sat Nov 21 2020 13:08:47 GMT-0500 (Eastern Standard Time)

warning: LF will be replaced by CRLF in event.html.
The file will have its original line endings in your working directory


----------

Sat Nov 21 2020 13:08:47 GMT-0500 (Eastern Standard Time)

warning: LF will be replaced by CRLF in index.html.
The file will have its original line endings in your working directory


----------

Sat Nov 21 2020 13:08:51 GMT-0500 (Eastern Standard Time)

To https://github.com/VastBlast/FortniteProgress.git
   15ce69b..f4a84ca  master -> master


