----------

Fri Oct 30 2020 22:16:14 GMT-0400 (Eastern Daylight Time)

warning: LF will be replaced by CRLF in docs/index.html.
The file will have its original line endings in your working directory


----------

Fri Oct 30 2020 22:16:15 GMT-0400 (Eastern Daylight Time)

Everything up-to-date


----------

Tue Nov 03 2020 08:42:45 GMT-0500 (Eastern Standard Time)

warning: LF will be replaced by CRLF in docs/index.html.
The file will have its original line endings in your working directory


----------

Tue Nov 03 2020 08:42:45 GMT-0500 (Eastern Standard Time)

warning: LF will be replaced by CRLF in docs/error.log.
The file will have its original line endings in your working directory
warning: LF will be replaced by CRLF in docs/untitled.html.
The file will have its original line endings in your working directory


----------

Tue Nov 03 2020 08:42:47 GMT-0500 (Eastern Standard Time)

To https://github.com/VastBlast/FortniteProgress.git
 ! [rejected]        master -> master (fetch first)
error: failed to push some refs to 'https://github.com/VastBlast/FortniteProgress.git'


----------

Tue Nov 03 2020 08:42:47 GMT-0500 (Eastern Standard Time)

hint: Updates were rejected because the remote contains work that you do
hint: not have locally. This is usually caused by another repository pushing
hint: to the same ref. You may want to first integrate the remote changes
hint: (e.g., 'git pull ...') before pushing again.
hint: See the 'Note about fast-forwards' in 'git push --help' for details.


----------

Tue Nov 03 2020 08:47:36 GMT-0500 (Eastern Standard Time)

warning: LF will be replaced by CRLF in docs/index.html.
The file will have its original line endings in your working directory


----------

Tue Nov 03 2020 08:47:36 GMT-0500 (Eastern Standard Time)

warning: LF will be replaced by CRLF in docs/test.html.
The file will have its original line endings in your working directory


----------

Tue Nov 03 2020 08:47:41 GMT-0500 (Eastern Standard Time)

To https://github.com/VastBlast/FortniteProgress.git
   d1412b8..e26c162  master -> master


